This is pdfTeX, Version 3.141592653-2.6-1.40.23 (MiKTeX 21.8) (preloaded format=pdflatex 2021.12.5)  6 FEB 2022 23:07
entering extended mode
**./Informe.tex
(Informe.tex
LaTeX2e <2021-06-01> patch level 1
L3 programming layer <2021-08-27> (llncs.cls
Document Class: llncs 2013/09/27 v2.18 
 LaTeX document class for Lecture Notes in Computer Science
(C:\Users\Propia\AppData\Local\Programs\MiKTeX\tex/latex/base\article.cls
Document Class: article 2021/02/12 v1.4n Standard LaTeX document class
(C:\Users\Propia\AppData\Local\Programs\MiKTeX\tex/latex/base\size10.clo
File: size10.clo 2021/02/12 v1.4n Standard LaTeX file (size option)
)
\c@part=\count182
\c@section=\count183
\c@subsection=\count184
\c@subsubsection=\count185
\c@paragraph=\count186
\c@subparagraph=\count187
\c@figure=\count188
\c@table=\count189
\abovecaptionskip=\skip47
\belowcaptionskip=\skip48
\bibindent=\dimen138
)
(C:\Users\Propia\AppData\Local\Programs\MiKTeX\tex/latex/tools\multicol.sty
Package: multicol 2019/12/09 v1.8y multicolumn formatting (FMi)
\c@tracingmulticols=\count190
\mult@box=\box50
\multicol@leftmargin=\dimen139
\c@unbalance=\count191
\c@collectmore=\count192
\doublecol@number=\count193
\multicoltolerance=\count194
\multicolpretolerance=\count195
\full@width=\dimen140
\page@free=\dimen141
\premulticols=\dimen142
\postmulticols=\dimen143
\multicolsep=\skip49
\multicolbaselineskip=\skip50
\partial@page=\box51
\last@line=\box52
\maxbalancingoverflow=\dimen144
\mult@rightbox=\box53
\mult@grightbox=\box54
\mult@gfirstbox=\box55
\mult@firstbox=\box56
\@tempa=\box57
\@tempa=\box58
\@tempa=\box59
\@tempa=\box60
\@tempa=\box61
\@tempa=\box62
\@tempa=\box63
\@tempa=\box64
\@tempa=\box65
\@tempa=\box66
\@tempa=\box67
\@tempa=\box68
\@tempa=\box69
\@tempa=\box70
\@tempa=\box71
\@tempa=\box72
\@tempa=\box73
\@tempa=\box74
\@tempa=\box75
\@tempa=\box76
\@tempa=\box77
\@tempa=\box78
\@tempa=\box79
\@tempa=\box80
\@tempa=\box81
\@tempa=\box82
\@tempa=\box83
\@tempa=\box84
\@tempa=\box85
\@tempa=\box86
\@tempa=\box87
\@tempa=\box88
\@tempa=\box89
\@tempa=\box90
\@tempa=\box91
\@tempa=\box92
\@tempa=\box93
\c@minrows=\count196
\c@columnbadness=\count197
\c@finalcolumnbadness=\count198
\last@try=\dimen145
\multicolovershoot=\dimen146
\multicolundershoot=\dimen147
\mult@nat@firstbox=\box94
\colbreak@box=\box95
\mc@col@check@num=\count199
)
(C:\Users\Propia\AppData\Local\Programs\MiKTeX\tex/latex/oberdiek\aliascnt.sty
Package: aliascnt 2018/09/07 v1.5 Alias counters (HO)
)
\c@chapter=\count266
LaTeX Font Info:    Redeclaring math symbol \Gamma on input line 362.
LaTeX Font Info:    Redeclaring math symbol \Delta on input line 363.
LaTeX Font Info:    Redeclaring math symbol \Theta on input line 364.
LaTeX Font Info:    Redeclaring math symbol \Lambda on input line 365.
LaTeX Font Info:    Redeclaring math symbol \Xi on input line 366.
LaTeX Font Info:    Redeclaring math symbol \Pi on input line 367.
LaTeX Font Info:    Redeclaring math symbol \Sigma on input line 368.
LaTeX Font Info:    Redeclaring math symbol \Upsilon on input line 369.
LaTeX Font Info:    Redeclaring math symbol \Phi on input line 370.
LaTeX Font Info:    Redeclaring math symbol \Psi on input line 371.
LaTeX Font Info:    Redeclaring math symbol \Omega on input line 372.
\tocchpnum=\dimen148
\tocsecnum=\dimen149
\tocsectotal=\dimen150
\tocsubsecnum=\dimen151
\tocsubsectotal=\dimen152
\tocsubsubsecnum=\dimen153
\tocsubsubsectotal=\dimen154
\tocparanum=\dimen155
\tocparatotal=\dimen156
\tocsubparanum=\dimen157
\@tempcntc=\count267
\fnindent=\dimen158
\c@@inst=\count268
\c@@auth=\count269
\c@auco=\count270
\instindent=\dimen159
\authrun=\box96
\authorrunning=\toks16
\tocauthor=\toks17
\titrun=\box97
\titlerunning=\toks18
\toctitle=\toks19
\c@theorem=\count271
\c@case=\count272
\c@conjecture=\count273
\c@corollary=\count274
\c@definition=\count275
\c@example=\count276
\c@exercise=\count277
\c@lemma=\count278
\c@note=\count279
\c@problem=\count280
\c@property=\count281
\c@proposition=\count282
\c@question=\count283
\c@solution=\count284
\c@remark=\count285
\headlineindent=\dimen160
) (C:\Users\Propia\AppData\Local\Programs\MiKTeX\tex/latex/base\makeidx.sty
Package: makeidx 2014/09/29 v1.0m Standard LaTeX package
)
(C:\Users\Propia\AppData\Local\Programs\MiKTeX\tex/latex/amsmath\amsmath.sty
Package: amsmath 2021/04/20 v2.17j AMS math features
\@mathmargin=\skip51

For additional information on amsmath, use the `?' option.
(C:\Users\Propia\AppData\Local\Programs\MiKTeX\tex/latex/amsmath\amstext.sty
Package: amstext 2000/06/29 v2.01 AMS text

(C:\Users\Propia\AppData\Local\Programs\MiKTeX\tex/latex/amsmath\amsgen.sty
File: amsgen.sty 1999/11/30 v2.0 generic functions
\@emptytoks=\toks20
\ex@=\dimen161
))
(C:\Users\Propia\AppData\Local\Programs\MiKTeX\tex/latex/amsmath\amsbsy.sty
Package: amsbsy 1999/11/29 v1.2d Bold Symbols
\pmbraise@=\dimen162
)
(C:\Users\Propia\AppData\Local\Programs\MiKTeX\tex/latex/amsmath\amsopn.sty
Package: amsopn 2016/03/08 v2.02 operator names
)
\inf@bad=\count286
LaTeX Info: Redefining \frac on input line 234.
\uproot@=\count287
\leftroot@=\count288
LaTeX Info: Redefining \overline on input line 399.
\classnum@=\count289
\DOTSCASE@=\count290
LaTeX Info: Redefining \ldots on input line 496.
LaTeX Info: Redefining \dots on input line 499.
LaTeX Info: Redefining \cdots on input line 620.
\Mathstrutbox@=\box98
\strutbox@=\box99
\big@size=\dimen163
LaTeX Font Info:    Redeclaring font encoding OML on input line 743.
LaTeX Font Info:    Redeclaring font encoding OMS on input line 744.
\macc@depth=\count291
\c@MaxMatrixCols=\count292
\dotsspace@=\muskip16
\c@parentequation=\count293
\dspbrk@lvl=\count294
\tag@help=\toks21
\row@=\count295
\column@=\count296
\maxfields@=\count297
\andhelp@=\toks22
\eqnshift@=\dimen164
\alignsep@=\dimen165
\tagshift@=\dimen166
\tagwidth@=\dimen167
\totwidth@=\dimen168
\lineht@=\dimen169
\@envbody=\toks23
\multlinegap=\skip52
\multlinetaggap=\skip53
\mathdisplay@stack=\toks24
LaTeX Info: Redefining \[ on input line 2923.
LaTeX Info: Redefining \] on input line 2924.
)
(C:\Users\Propia\AppData\Local\Programs\MiKTeX\tex/latex/amsfonts\amsfonts.sty
Package: amsfonts 2013/01/14 v3.01 Basic AMSFonts support
\symAMSa=\mathgroup4
\symAMSb=\mathgroup5
LaTeX Font Info:    Redeclaring math symbol \hbar on input line 98.
LaTeX Font Info:    Overwriting math alphabet `\mathfrak' in version `bold'
(Font)                  U/euf/m/n --> U/euf/b/n on input line 106.
) (C:\Users\Propia\AppData\Local\Programs\MiKTeX\tex/latex/amsfonts\amssymb.sty
Package: amssymb 2013/01/14 v3.01 AMS font symbols
) (C:\Users\Propia\AppData\Local\Programs\MiKTeX\tex/generic/babel\babel.sty
Package: babel 2021/07/22 3.63 The Babel package

(C:\Users\Propia\AppData\Local\Programs\MiKTeX\tex/generic/babel\babel.def
File: babel.def 2021/07/22 3.63 Babel common definitions
\babel@savecnt=\count298
\U@D=\dimen170
\l@unhyphenated=\language79

(C:\Users\Propia\AppData\Local\Programs\MiKTeX\tex/generic/babel\txtbabel.def)
\bbl@readstream=\read2
)
\bbl@dirlevel=\count299
*************************************
* Local config file bblopts.cfg used
*
(C:\Users\Propia\AppData\Local\Programs\MiKTeX\tex/latex/arabi\bblopts.cfg
File: bblopts.cfg 2005/09/08 v0.1 add Arabic and Farsi to "declared" options of
 babel
)
(C:\Users\Propia\AppData\Local\Programs\MiKTeX\tex/latex/babel-spanish\spanish.
ldf
Language: spanish.ldf 2021/05/27 v5.0q Spanish support from the babel system
\es@quottoks=\toks25
\es@quotdepth=\count300
Package babel Info: Making " an active character on input line 570.
Package babel Info: Making . an active character on input line 675.
Package babel Info: Making < an active character on input line 722.
Package babel Info: Making > an active character on input line 722.
))
(C:\Users\Propia\AppData\Local\Programs\MiKTeX\tex/latex/graphics\graphicx.sty
Package: graphicx 2020/12/05 v1.2c Enhanced LaTeX Graphics (DPC,SPQR)

(C:\Users\Propia\AppData\Local\Programs\MiKTeX\tex/latex/graphics\keyval.sty
Package: keyval 2014/10/28 v1.15 key=value parser (DPC)
\KV@toks@=\toks26
)
(C:\Users\Propia\AppData\Local\Programs\MiKTeX\tex/latex/graphics\graphics.sty
Package: graphics 2021/03/04 v1.4d Standard LaTeX Graphics (DPC,SPQR)

(C:\Users\Propia\AppData\Local\Programs\MiKTeX\tex/latex/graphics\trig.sty
Package: trig 2016/01/03 v1.10 sin cos tan (DPC)
)
(C:\Users\Propia\AppData\Local\Programs\MiKTeX\tex/latex/graphics-cfg\graphics.
cfg
File: graphics.cfg 2016/06/04 v1.11 sample graphics configuration
)
Package graphics Info: Driver file: pdftex.def on input line 107.

(C:\Users\Propia\AppData\Local\Programs\MiKTeX\tex/latex/graphics-def\pdftex.de
f
File: pdftex.def 2020/10/05 v1.2a Graphics/color driver for pdftex
))
\Gin@req@height=\dimen171
\Gin@req@width=\dimen172
)
(C:\Users\Propia\AppData\Local\Programs\MiKTeX\tex/latex/l3backend\l3backend-pd
ftex.def
File: l3backend-pdftex.def 2021-08-04 L3 backend support: PDF output (pdfTeX)
\l__color_backend_stack_int=\count301
\l__pdf_internal_box=\box100
) (Informe.aux
LaTeX Info: Redefining \. on input line 8.
LaTeX Info: Redefining \% on input line 8.
)
\openout1 = `Informe.aux'.

LaTeX Font Info:    Checking defaults for OML/cmm/m/it on input line 13.
LaTeX Font Info:    ... okay on input line 13.
LaTeX Font Info:    Checking defaults for OMS/cmsy/m/n on input line 13.
LaTeX Font Info:    ... okay on input line 13.
LaTeX Font Info:    Checking defaults for OT1/cmr/m/n on input line 13.
LaTeX Font Info:    ... okay on input line 13.
LaTeX Font Info:    Checking defaults for T1/cmr/m/n on input line 13.
LaTeX Font Info:    ... okay on input line 13.
LaTeX Font Info:    Checking defaults for TS1/cmr/m/n on input line 13.
LaTeX Font Info:    ... okay on input line 13.
LaTeX Font Info:    Checking defaults for OMX/cmex/m/n on input line 13.
LaTeX Font Info:    ... okay on input line 13.
LaTeX Font Info:    Checking defaults for U/cmr/m/n on input line 13.
LaTeX Font Info:    ... okay on input line 13.
LaTeX Info: Redefining \. on input line 13.
LaTeX Info: Redefining \% on input line 13.

(C:\Users\Propia\AppData\Local\Programs\MiKTeX\tex/context/base/mkii\supp-pdf.m
kii
[Loading MPS to PDF converter (version 2006.09.02).]
\scratchcounter=\count302
\scratchdimen=\dimen173
\scratchbox=\box101
\nofMPsegments=\count303
\nofMParguments=\count304
\everyMPshowfont=\toks27
\MPscratchCnt=\count305
\MPscratchDim=\dimen174
\MPnumerator=\count306
\makeMPintoPDFobject=\count307
\everyMPtoPDFconversion=\toks28
)
(C:\Users\Propia\AppData\Local\Programs\MiKTeX\tex/latex/epstopdf-pkg\epstopdf-
base.sty
Package: epstopdf-base 2020-01-24 v2.11 Base part for package epstopdf
Package epstopdf-base Info: Redefining graphics rule for `.eps' on input line 4
85.

(C:\Users\Propia\AppData\Local\Programs\MiKTeX\tex/latex/00miktex\epstopdf-sys.
cfg
File: epstopdf-sys.cfg 2021/03/18 v2.0 Configuration of epstopdf for MiKTeX
))
LaTeX Font Info:    Trying to load font information for U+msa on input line 15.

 (C:\Users\Propia\AppData\Local\Programs\MiKTeX\tex/latex/amsfonts\umsa.fd
File: umsa.fd 2013/01/14 v3.01 AMS symbols A
)
LaTeX Font Info:    Trying to load font information for U+msb on input line 15.

 (C:\Users\Propia\AppData\Local\Programs\MiKTeX\tex/latex/amsfonts\umsb.fd
File: umsb.fd 2013/01/14 v3.01 AMS symbols B
)
[1

{C:/Users/Propia/AppData/Local/MiKTeX/pdftex/config/pdftex.map}]
Underfull \hbox (badness 10000) in paragraph at lines 20--24

 []

<imagenes/mapa.png, id=8, 317.68687pt x 140.02313pt>
File: imagenes/mapa.png Graphic file (type png)
<use imagenes/mapa.png>
Package pdftex.def Info: imagenes/mapa.png  used on input line 33.
(pdftex.def)             Requested size: 242.98541pt x 107.10237pt.

Underfull \hbox (badness 10000) in paragraph at lines 37--44

 []


Underfull \hbox (badness 10000) in paragraph at lines 37--44

 []

<imagenes/Zona.png, id=10, 322.95656pt x 104.64093pt>
File: imagenes/Zona.png Graphic file (type png)
<use imagenes/Zona.png>
Package pdftex.def Info: imagenes/Zona.png  used on input line 48.
(pdftex.def)             Requested size: 242.98541pt x 78.72957pt.

Underfull \hbox (badness 10000) in paragraph at lines 53--57

 []

[2 <./imagenes/mapa.png>]
<imagenes/Tile.png, id=16, 282.30469pt x 237.13594pt>
File: imagenes/Tile.png Graphic file (type png)
<use imagenes/Tile.png>
Package pdftex.def Info: imagenes/Tile.png  used on input line 62.
(pdftex.def)             Requested size: 242.98541pt x 204.11021pt.

Underfull \hbox (badness 10000) in paragraph at lines 66--70

 []

[3 <./imagenes/Zona.png> <./imagenes/Tile.png>]
<imagenes/Especie.png, id=22, 628.59843pt x 389.20406pt>
File: imagenes/Especie.png Graphic file (type png)
<use imagenes/Especie.png>
Package pdftex.def Info: imagenes/Especie.png  used on input line 74.
(pdftex.def)             Requested size: 242.98541pt x 150.44681pt.

Underfull \hbox (badness 10000) in paragraph at lines 78--100

 []


Underfull \hbox (badness 10000) in paragraph at lines 78--100

 []


Underfull \hbox (badness 10000) in paragraph at lines 78--100

 []


Underfull \hbox (badness 10000) in paragraph at lines 78--100

 []


Underfull \hbox (badness 10000) in paragraph at lines 78--100

 []


Underfull \hbox (badness 10000) in paragraph at lines 78--100

 []


Underfull \hbox (badness 10000) in paragraph at lines 78--100

 []

[4 <./imagenes/Especie.png>]
<imagenes/Individuo.png, id=28, 544.28343pt x 387.69844pt>
File: imagenes/Individuo.png Graphic file (type png)
<use imagenes/Individuo.png>
Package pdftex.def Info: imagenes/Individuo.png  used on input line 104.
(pdftex.def)             Requested size: 242.98541pt x 173.07838pt.

Underfull \hbox (badness 10000) in paragraph at lines 108--146

 []


Underfull \hbox (badness 10000) in paragraph at lines 108--146

 []


Underfull \hbox (badness 10000) in paragraph at lines 108--146

 []


Underfull \hbox (badness 10000) in paragraph at lines 108--146

 []


Underfull \hbox (badness 10000) in paragraph at lines 108--146

 []


Underfull \hbox (badness 10000) in paragraph at lines 108--146

 []


Underfull \hbox (badness 10000) in paragraph at lines 108--146

 []


Underfull \hbox (badness 10000) in paragraph at lines 108--146

 []


Underfull \hbox (badness 10000) in paragraph at lines 108--146

 []


Underfull \hbox (badness 10000) in paragraph at lines 108--146

 []


Underfull \hbox (badness 10000) in paragraph at lines 108--146

 []

[5 <./imagenes/Individuo.png>]
<imagenes/fenomeno.png, id=33, 294.34969pt x 176.91093pt>
File: imagenes/fenomeno.png Graphic file (type png)
<use imagenes/fenomeno.png>
Package pdftex.def Info: imagenes/fenomeno.png  used on input line 151.
(pdftex.def)             Requested size: 242.98541pt x 146.04239pt.

Underfull \hbox (badness 10000) in paragraph at lines 155--165

 []


Underfull \hbox (badness 10000) in paragraph at lines 155--165

 []

[6]
<imagenesMisc/pathfinder1.png, id=37, 581.92406pt x 374.14781pt>
File: imagenesMisc/pathfinder1.png Graphic file (type png)
<use imagenesMisc/pathfinder1.png>
Package pdftex.def Info: imagenesMisc/pathfinder1.png  used on input line 175.
(pdftex.def)             Requested size: 242.98541pt x 156.22185pt.
<imagenesMisc/pathfinder2.png, id=38, 523.20468pt x 369.63094pt>
File: imagenesMisc/pathfinder2.png Graphic file (type png)
<use imagenesMisc/pathfinder2.png>
Package pdftex.def Info: imagenesMisc/pathfinder2.png  used on input line 180.
(pdftex.def)             Requested size: 242.98541pt x 171.66228pt.

Underfull \hbox (badness 10000) in paragraph at lines 184--191

 []


Underfull \hbox (badness 10000) in paragraph at lines 184--191

 []

[7 <./imagenes/fenomeno.png>] [8 <./imagenesMisc/pathfinder1.png> <./imagenesMi
sc/pathfinder2.png>]
<imagenesMisc/UcsSmart.png, id=49, 627.09282pt x 310.15875pt>
File: imagenesMisc/UcsSmart.png Graphic file (type png)
<use imagenesMisc/UcsSmart.png>
Package pdftex.def Info: imagenesMisc/UcsSmart.png  used on input line 194.
(pdftex.def)             Requested size: 242.98541pt x 120.18053pt.

Underfull \hbox (badness 10000) in paragraph at lines 199--206

 []


Underfull \hbox (badness 10000) in paragraph at lines 199--206

 []

<imagenesMisc/FixRoad.png, id=50, 475.02469pt x 165.61874pt>
File: imagenesMisc/FixRoad.png Graphic file (type png)
<use imagenesMisc/FixRoad.png>
Package pdftex.def Info: imagenesMisc/FixRoad.png  used on input line 209.
(pdftex.def)             Requested size: 242.98541pt x 84.71715pt.

Underfull \hbox (badness 10000) in paragraph at lines 213--220

 []


Underfull \hbox (badness 10000) in paragraph at lines 213--220

 []

[9 <./imagenesMisc/UcsSmart.png> <./imagenesMisc/FixRoad.png>]
<imagenesMisc/fullCombat.png, id=57, 627.84563pt x 289.83281pt>
File: imagenesMisc/fullCombat.png Graphic file (type png)
<use imagenesMisc/fullCombat.png>
Package pdftex.def Info: imagenesMisc/fullCombat.png  used on input line 223.
(pdftex.def)             Requested size: 242.98541pt x 112.16753pt.

Underfull \hbox (badness 10000) in paragraph at lines 227--231

 []

<imagenesMisc/sneakwalk.png, id=58, 630.10406pt x 372.64218pt>
File: imagenesMisc/sneakwalk.png Graphic file (type png)
<use imagenesMisc/sneakwalk.png>
Package pdftex.def Info: imagenesMisc/sneakwalk.png  used on input line 234.
(pdftex.def)             Requested size: 242.98541pt x 143.69797pt.

Underfull \hbox (badness 10000) in paragraph at lines 238--245

 []


Underfull \hbox (badness 10000) in paragraph at lines 238--245

 []

[10 <./imagenesMisc/fullCombat.png>]
<imagenesMisc/CombatTurnPredator.png, id=63, 620.3175pt x 244.66406pt>
File: imagenesMisc/CombatTurnPredator.png Graphic file (type png)
<use imagenesMisc/CombatTurnPredator.png>
Package pdftex.def Info: imagenesMisc/CombatTurnPredator.png  used on input lin
e 248.
(pdftex.def)             Requested size: 173.56177pt x 68.4532pt.
<imagenesMisc/CombatTurnPredator2.png, id=64, 521.69907pt x 336.50719pt>
File: imagenesMisc/CombatTurnPredator2.png Graphic file (type png)
<use imagenesMisc/CombatTurnPredator2.png>
Package pdftex.def Info: imagenesMisc/CombatTurnPredator2.png  used on input li
ne 253.
(pdftex.def)             Requested size: 173.56177pt x 111.9514pt.
<imagenesMisc/CombatTurnPray.png, id=65, 627.84563pt x 282.30469pt>
File: imagenesMisc/CombatTurnPray.png Graphic file (type png)
<use imagenesMisc/CombatTurnPray.png>
Package pdftex.def Info: imagenesMisc/CombatTurnPray.png  used on input line 25
8.
(pdftex.def)             Requested size: 173.56177pt x 78.03679pt.

Underfull \hbox (badness 10000) in paragraph at lines 262--278

 []


Underfull \hbox (badness 10000) in paragraph at lines 262--278

 []


Underfull \hbox (badness 10000) in paragraph at lines 262--278

 []


Underfull \hbox (badness 10000) in paragraph at lines 262--278

 []


Underfull \hbox (badness 10000) in paragraph at lines 262--278

 []

[11 <./imagenesMisc/sneakwalk.png> <./imagenesMisc/CombatTurnPredator.png> <./i
magenesMisc/CombatTurnPredator2.png>] [12 <./imagenesMisc/CombatTurnPray.png>]
(Informe.aux
LaTeX Info: Redefining \. on input line 8.
LaTeX Info: Redefining \% on input line 8.
) ) 
Here is how much of TeX's memory you used:
 4303 strings out of 478927
 64315 string characters out of 2852061
 381929 words of memory out of 3000000
 22119 multiletter control sequences out of 15000+600000
 407896 words of font info for 44 fonts, out of 8000000 for 9000
 1141 hyphenation exceptions out of 8191
 57i,6n,66p,630b,361s stack positions out of 5000i,500n,10000p,200000b,80000s
 <C:\Users\Propia\AppData\Local\MiKTeX\fonts/pk/ljfour/jknappen/ec/dpi600\tc
rm1000.pk><C:/Users/Propia/AppData/Local/Programs/MiKTeX/fonts/type1/public/ams
fonts/cm/cmbx10.pfb><C:/Users/Propia/AppData/Local/Programs/MiKTeX/fonts/type1/
public/amsfonts/cm/cmbx12.pfb><C:/Users/Propia/AppData/Local/Programs/MiKTeX/fo
nts/type1/public/amsfonts/cm/cmbx9.pfb><C:/Users/Propia/AppData/Local/Programs/
MiKTeX/fonts/type1/public/amsfonts/cm/cmr10.pfb><C:/Users/Propia/AppData/Local/
Programs/MiKTeX/fonts/type1/public/amsfonts/cm/cmr9.pfb>
Output written on Informe.pdf (12 pages, 384044 bytes).
PDF statistics:
 103 PDF objects out of 1000 (max. 8388607)
 0 named destinations out of 1000 (max. 500000)
 76 words of extra memory for PDF output out of 10000 (max. 10000000)

